Running php-build composer
WARNING! Your password will be stored unencrypted in /home/runner/.docker/config.json.
Configure a credential helper to remove this warning. See
https://docs.docker.com/engine/reference/commandline/login/#credentials-store

Login Succeeded
Pulling docker.pkg.github.com/nysenate/nysenate.gov-website-d9/php-actions_composer_nysenate.gov-website-d9:php-8.1-gd-sodium-zip-build2.1.0
php-8.1-gd-sodium-zip-build2.1.0: Pulling from nysenate/nysenate.gov-website-d9/php-actions_composer_nysenate.gov-website-d9
96526aa774ef: Pulling fs layer
61eb5622fa41: Pulling fs layer
587160738cca: Pulling fs layer
802431d360de: Pulling fs layer
c8c007b8a9c1: Pulling fs layer
2489da5345e3: Pulling fs layer
84ba8217871b: Pulling fs layer
c67687ef1268: Pulling fs layer
06a0eecfe6e5: Pulling fs layer
70b3dfb209b9: Pulling fs layer
b07834028430: Pulling fs layer
391402a6ada6: Pulling fs layer
802431d360de: Waiting
c8c007b8a9c1: Waiting
2489da5345e3: Waiting
84ba8217871b: Waiting
391402a6ada6: Waiting
b07834028430: Waiting
c67687ef1268: Waiting
70b3dfb209b9: Waiting
06a0eecfe6e5: Waiting
61eb5622fa41: Verifying Checksum
61eb5622fa41: Download complete
587160738cca: Verifying Checksum
587160738cca: Download complete
96526aa774ef: Verifying Checksum
96526aa774ef: Download complete
96526aa774ef: Pull complete
802431d360de: Verifying Checksum
802431d360de: Download complete
c8c007b8a9c1: Verifying Checksum
c8c007b8a9c1: Download complete
c67687ef1268: Verifying Checksum
c67687ef1268: Download complete
84ba8217871b: Verifying Checksum
84ba8217871b: Download complete
61eb5622fa41: Pull complete
587160738cca: Pull complete
802431d360de: Pull complete
06a0eecfe6e5: Verifying Checksum
06a0eecfe6e5: Download complete
70b3dfb209b9: Verifying Checksum
70b3dfb209b9: Download complete
c8c007b8a9c1: Pull complete
2489da5345e3: Verifying Checksum
2489da5345e3: Download complete
2489da5345e3: Pull complete
391402a6ada6: Verifying Checksum
391402a6ada6: Download complete
84ba8217871b: Pull complete
c67687ef1268: Pull complete
06a0eecfe6e5: Pull complete
70b3dfb209b9: Pull complete
b07834028430: Download complete
b07834028430: Pull complete
391402a6ada6: Pull complete
Digest: sha256:9f8c8f4756968014b40f80007ee7cd8c5721120ae32e3a544110097325b64d55
Status: Downloaded newer image for docker.pkg.github.com/nysenate/nysenate.gov-website-d9/php-actions_composer_nysenate.gov-website-d9:php-8.1-gd-sodium-zip-build2.1.0
docker.pkg.github.com/nysenate/nysenate.gov-website-d9/php-actions_composer_nysenate.gov-website-d9:php-8.1-gd-sodium-zip-build2.1.0
Docker tag: docker.pkg.github.com/nysenate/nysenate.gov-website-d9/php-actions_composer_nysenate.gov-website-d9:php-8.1-gd-sodium-zip-build2.1.0
No private keys supplied
Command: composer install --no-progress --no-interaction
Skipping env variable PWD
Skipping env variable HOME
Skipping env variable SHLVL
Skipping env variable PATH
